2025-03-28 15:09:52.785987 - Received CBT.V508.FILE057.PDS from FILE057.XMI 
2025-03-28 15:09:52.787440 - Found $$$#DATE.txt (text/plain) in CBT.V508.FILE057.PDS, moved to PDS/$$$#DATE
2025-03-28 15:09:52.788072 - Found @FILE057.txt (text/plain) in CBT.V508.FILE057.PDS, moved to PDS/@FILE057
2025-03-28 15:09:52.789880 - Found DLXSLSS.txt (text/plain) in CBT.V508.FILE057.PDS, moved to PDS/DLXSLSS
2025-03-28 15:09:52.791779 - Found GENERCMD.txt (text/plain) in CBT.V508.FILE057.PDS, moved to PDS/GENERCMD
2025-03-28 15:09:52.793260 - Found GENPW.txt (text/plain) in CBT.V508.FILE057.PDS, moved to PDS/GENPW
2025-03-28 15:09:52.794189 - Found PHNPROOF.txt (text/plain) in CBT.V508.FILE057.PDS, moved to PDS/PHNPROOF
2025-03-28 15:09:52.794800 - Found PHONECHK.txt (text/plain) in CBT.V508.FILE057.PDS, moved to PDS/PHONECHK
2025-03-28 15:09:52.795433 - Found PHONEMP.txt (text/plain) in CBT.V508.FILE057.PDS, moved to PDS/PHONEMP
2025-03-28 15:09:52.796687 - Found PHONOPER.txt (text/plain) in CBT.V508.FILE057.PDS, moved to PDS/PHONOPER
2025-03-28 15:09:52.798191 - Found SLSSADMN.txt (text/plain) in CBT.V508.FILE057.PDS, moved to PDS/SLSSADMN
2025-03-28 15:09:52.799208 - Found SLSSBROW.txt (text/plain) in CBT.V508.FILE057.PDS, moved to PDS/SLSSBROW
2025-03-28 15:09:52.799756 - Found SLSSCMPR.txt (text/plain) in CBT.V508.FILE057.PDS, moved to PDS/SLSSCMPR
2025-03-28 15:09:52.800594 - Found SLSSDELT.txt (text/plain) in CBT.V508.FILE057.PDS, moved to PDS/SLSSDELT
2025-03-28 15:09:52.801922 - Found SLSSEDIT.txt (text/plain) in CBT.V508.FILE057.PDS, moved to PDS/SLSSEDIT
2025-03-28 15:09:52.802661 - Found SLSSENQ.txt (text/plain) in CBT.V508.FILE057.PDS, moved to PDS/SLSSENQ
2025-03-28 15:09:52.803920 - Found SLSSJOBC.txt (text/plain) in CBT.V508.FILE057.PDS, moved to PDS/SLSSJOBC
2025-03-28 15:09:52.805049 - Found SLSSLOCS.txt (text/plain) in CBT.V508.FILE057.PDS, moved to PDS/SLSSLOCS
2025-03-28 15:09:52.805783 - Found SLSSPRNT.txt (text/plain) in CBT.V508.FILE057.PDS, moved to PDS/SLSSPRNT
2025-03-28 15:09:52.806883 - Found SLSSPROF.txt (text/plain) in CBT.V508.FILE057.PDS, moved to PDS/SLSSPROF
2025-03-28 15:09:52.808115 - Found SLSSPRT1.txt (text/plain) in CBT.V508.FILE057.PDS, moved to PDS/SLSSPRT1
2025-03-28 15:09:52.809040 - Found SLSSPRT2.txt (text/plain) in CBT.V508.FILE057.PDS, moved to PDS/SLSSPRT2
2025-03-28 15:09:52.809962 - Found SLSSRCOV.txt (text/plain) in CBT.V508.FILE057.PDS, moved to PDS/SLSSRCOV
2025-03-28 15:09:52.810635 - Found SLSSSORT.txt (text/plain) in CBT.V508.FILE057.PDS, moved to PDS/SLSSSORT
2025-03-28 15:09:52.811320 - Found SLSSSUBS.txt (text/plain) in CBT.V508.FILE057.PDS, moved to PDS/SLSSSUBS
2025-03-28 15:09:52.812048 - Found USRALLOC.txt (text/plain) in CBT.V508.FILE057.PDS, moved to PDS/USRALLOC
2025-03-28 15:09:52.813019 - Found VERUSGRP.txt (text/plain) in CBT.V508.FILE057.PDS, moved to PDS/VERUSGRP
2025-03-28 15:09:52.814497 - Found XMITRCV.txt (text/plain) in CBT.V508.FILE057.PDS, moved to PDS/XMITRCV
2025-03-28 15:09:52.816021 - Found XMITRCV1.txt (text/plain) in CBT.V508.FILE057.PDS, moved to PDS/XMITRCV1
2025-03-28 15:09:52.817827 - Found XMITRCV2.txt (text/plain) in CBT.V508.FILE057.PDS, moved to PDS/XMITRCV2
2025-03-28 15:09:52.818698 - Found XMITRCV3.txt (text/plain) in CBT.V508.FILE057.PDS, moved to PDS/XMITRCV3
